mkmsgf.c(132): Warning! W102: Type mismatch (warning)
mkmsgf.c(132): Note! I2003: source conversion type is 'void *'
mkmsgf.c(132): Note! I2004: target conversion type is 'char'
mkmsgf.c(132): Warning! W102: Type mismatch (warning)
mkmsgf.c(132): Note! I2003: source conversion type is 'void *'
mkmsgf.c(132): Note! I2004: target conversion type is 'char'
mkmsgf.c(235): Error! E1063: Missing operand
mkmsgf.c(235): Warning! W111: Meaningless use of an expression
mkmsgf.c(235): Error! E1009: Expecting ';' but found 'int'
mkmsgf.c(235): Error! E1063: Missing operand
mkmsgf.c(235): Error! E1009: Expecting ';' but found 'int'
mkmsgf.c(235): Error! E1063: Missing operand
mkmsgf.c(235): Warning! W111: Meaningless use of an expression
mkmsgf.c(235): Error! E1009: Expecting ')' but found 'int'
mkmsgf.c(235): Error! E1011: Symbol 'i' has not been declared
mkmsgf.c(235): Error! E1009: Expecting ';' but found ')'
mkmsgf.c(235): Error! E1063: Missing operand
mkmsgf.c(235): Warning! W111: Meaningless use of an expression
mkmsgf.c(235): Error! E1009: Expecting ';' but found ')'
mkmsgf.c(235): Error! E1063: Missing operand
mkmsgf.c(235): Warning! W111: Meaningless use of an expression
mkmsgf.c(235): Error! E1009: Expecting ';' but found ')'
mkmsgf.c(235): Error! E1063: Missing operand
mkmsgf.c(235): Warning! W111: Meaningless use of an expression
mkmsgf.c(235): Error! E1009: Expecting ';' but found ')'
mkmsgf.c(235): Error! E1063: Missing operand
mkmsgf.c(235): Warning! W111: Meaningless use of an expression
mkmsgf.c(235): Error! E1009: Expecting ';' but found ')'
mkmsgf.c(235): Error! E1063: Missing operand
mkmsgf.c(235): Warning! W111: Meaningless use of an expression
mkmsgf.c(235): Error! E1009: Expecting ';' but found ')'
mkmsgf.c(235): Error! E1063: Missing operand
mkmsgf.c(235): Warning! W111: Meaningless use of an expression
mkmsgf.c(235): Error! E1009: Expecting ';' but found ')'
mkmsgf.c(235): Error! E1147: Too many errors: compilation aborted
